[0.013s] Invoking command in '/home/aro/Documents/ObjectRec/ros2_ws/build/drone_object_recognition': CMAKE_PREFIX_PATH=${CMAKE_PREFIX_PATH}:/opt/ros/jazzy DEBUGINFOD_URLS=https://debuginfod.ubuntu.com /usr/bin/cmake --build /home/aro/Documents/ObjectRec/ros2_ws/build/drone_object_recognition -- -j16 -l16
[0.119s] Invoked command in '/home/aro/Documents/ObjectRec/ros2_ws/build/drone_object_recognition' returned '0': CMAKE_PREFIX_PATH=${CMAKE_PREFIX_PATH}:/opt/ros/jazzy DEBUGINFOD_URLS=https://debuginfod.ubuntu.com /usr/bin/cmake --build /home/aro/Documents/ObjectRec/ros2_ws/build/drone_object_recognition -- -j16 -l16
[0.143s] Invoking command in '/home/aro/Documents/ObjectRec/ros2_ws/build/drone_object_recognition': CMAKE_PREFIX_PATH=${CMAKE_PREFIX_PATH}:/opt/ros/jazzy DEBUGINFOD_URLS=https://debuginfod.ubuntu.com /usr/bin/cmake --install /home/aro/Documents/ObjectRec/ros2_ws/build/drone_object_recognition
[0.165s] -- Install configuration: ""
[0.165s] -- Up-to-date: /home/aro/Documents/ObjectRec/ros2_ws/install/drone_object_recognition/lib/drone_object_recognition/live_object_detection.py
[0.165s] -- Up-to-date: /home/aro/Documents/ObjectRec/ros2_ws/install/drone_object_recognition/lib/drone_object_recognition/live_object_detection_jetson.py
[0.166s] -- Up-to-date: /home/aro/Documents/ObjectRec/ros2_ws/install/drone_object_recognition/lib/drone_object_recognition/camera_publisher_node.py
[0.166s] -- Up-to-date: /home/aro/Documents/ObjectRec/ros2_ws/install/drone_object_recognition/share/drone_object_recognition//launch
[0.166s] -- Up-to-date: /home/aro/Documents/ObjectRec/ros2_ws/install/drone_object_recognition/share/drone_object_recognition//launch/object_recognition.launch.py
[0.166s] -- Up-to-date: /home/aro/Documents/ObjectRec/ros2_ws/install/drone_object_recognition/share/ament_index/resource_index/package_run_dependencies/drone_object_recognition
[0.166s] -- Up-to-date: /home/aro/Documents/ObjectRec/ros2_ws/install/drone_object_recognition/share/ament_index/resource_index/parent_prefix_path/drone_object_recognition
[0.167s] -- Up-to-date: /home/aro/Documents/ObjectRec/ros2_ws/install/drone_object_recognition/share/drone_object_recognition/environment/ament_prefix_path.sh
[0.167s] -- Up-to-date: /home/aro/Documents/ObjectRec/ros2_ws/install/drone_object_recognition/share/drone_object_recognition/environment/ament_prefix_path.dsv
[0.167s] -- Up-to-date: /home/aro/Documents/ObjectRec/ros2_ws/install/drone_object_recognition/share/drone_object_recognition/environment/path.sh
[0.167s] -- Up-to-date: /home/aro/Documents/ObjectRec/ros2_ws/install/drone_object_recognition/share/drone_object_recognition/environment/path.dsv
[0.167s] -- Up-to-date: /home/aro/Documents/ObjectRec/ros2_ws/install/drone_object_recognition/share/drone_object_recognition/local_setup.bash
[0.167s] -- Up-to-date: /home/aro/Documents/ObjectRec/ros2_ws/install/drone_object_recognition/share/drone_object_recognition/local_setup.sh
[0.167s] -- Up-to-date: /home/aro/Documents/ObjectRec/ros2_ws/install/drone_object_recognition/share/drone_object_recognition/local_setup.zsh
[0.167s] -- Up-to-date: /home/aro/Documents/ObjectRec/ros2_ws/install/drone_object_recognition/share/drone_object_recognition/local_setup.dsv
[0.168s] -- Installing: /home/aro/Documents/ObjectRec/ros2_ws/install/drone_object_recognition/share/drone_object_recognition/package.dsv
[0.168s] -- Up-to-date: /home/aro/Documents/ObjectRec/ros2_ws/install/drone_object_recognition/share/ament_index/resource_index/packages/drone_object_recognition
[0.168s] -- Up-to-date: /home/aro/Documents/ObjectRec/ros2_ws/install/drone_object_recognition/share/drone_object_recognition/cmake/drone_object_recognitionConfig.cmake
[0.168s] -- Up-to-date: /home/aro/Documents/ObjectRec/ros2_ws/install/drone_object_recognition/share/drone_object_recognition/cmake/drone_object_recognitionConfig-version.cmake
[0.168s] -- Up-to-date: /home/aro/Documents/ObjectRec/ros2_ws/install/drone_object_recognition/share/drone_object_recognition/package.xml
[0.170s] Invoked command in '/home/aro/Documents/ObjectRec/ros2_ws/build/drone_object_recognition' returned '0': CMAKE_PREFIX_PATH=${CMAKE_PREFIX_PATH}:/opt/ros/jazzy DEBUGINFOD_URLS=https://debuginfod.ubuntu.com /usr/bin/cmake --install /home/aro/Documents/ObjectRec/ros2_ws/build/drone_object_recognition
