-- Found ament_cmake: 2.5.4 (/opt/ros/jazzy/share/ament_cmake/cmake)
-- Found rclpy: 7.1.5 (/opt/ros/jazzy/share/rclpy/cmake)
-- Found sensor_msgs: 5.3.6 (/opt/ros/jazzy/share/sensor_msgs/cmake)
-- Found rosidl_generator_c: 4.6.6 (/opt/ros/jazzy/share/rosidl_generator_c/cmake)
-- Found rosidl_generator_cpp: 4.6.6 (/opt/ros/jazzy/share/rosidl_generator_cpp/cmake)
-- Using all available rosidl_typesupport_c: rosidl_typesupport_fastrtps_c;rosidl_typesupport_introspection_c
-- Using all available rosidl_typesupport_cpp: rosidl_typesupport_fastrtps_cpp;rosidl_typesupport_introspection_cpp
-- Found vision_msgs: 4.1.1 (/opt/ros/jazzy/share/vision_msgs/cmake)
-- Found cv_bridge: 4.1.0 (/opt/ros/jazzy/share/cv_bridge/cmake)
-- Found rmw_implementation_cmake: 7.3.2 (/opt/ros/jazzy/share/rmw_implementation_cmake/cmake)
-- Found rmw_fastrtps_cpp: 8.4.3 (/opt/ros/jazzy/share/rmw_fastrtps_cpp/cmake)
-- Using RMW implementation 'rmw_fastrtps_cpp' as default
-- Found image_transport: 5.1.7 (/opt/ros/jazzy/share/image_transport/cmake)
-- Found ament_lint_auto: 0.17.3 (/opt/ros/jazzy/share/ament_lint_auto/cmake)
-- Added test 'copyright' to check source files copyright and LICENSE
-- Added test 'cppcheck' to perform static code analysis on C / C++ code
-- Configured cppcheck include dirs: 
-- Configured cppcheck exclude dirs and/or files: 
-- Added test 'cpplint' to check C / C++ code against the Google style
-- Configured cpplint exclude dirs and/or files: 
-- Added test 'flake8' to check Python code syntax and style conventions
-- Configured 'flake8' exclude dirs and/or files: 
-- Added test 'lint_cmake' to check CMake code style
-- Added test 'pep257' to check Python code against some of the docstring style conventions in PEP 257
-- Added test 'uncrustify' to check C / C++ code style
-- Configured uncrustify additional arguments: 
-- Added test 'xmllint' to check XML markup files
-- Configuring done (21.2s)
-- Generating done (0.0s)
-- Build files have been written to: /home/aro/Documents/ObjectRec/ros2_ws/build/drone_object_recognition
-- Install configuration: ""
-- Installing: /home/aro/Documents/ObjectRec/ros2_ws/install/drone_object_recognition/lib/drone_object_recognition/live_object_detection.py
-- Up-to-date: /home/aro/Documents/ObjectRec/ros2_ws/install/drone_object_recognition/lib/drone_object_recognition/live_object_detection_jetson.py
-- Up-to-date: /home/aro/Documents/ObjectRec/ros2_ws/install/drone_object_recognition/lib/drone_object_recognition/camera_publisher_node.py
-- Up-to-date: /home/aro/Documents/ObjectRec/ros2_ws/install/drone_object_recognition/lib/drone_object_recognition/mobilenet_classifier.py
-- Up-to-date: /home/aro/Documents/ObjectRec/ros2_ws/install/drone_object_recognition/lib/drone_object_recognition/detection_logger.py
-- Up-to-date: /home/aro/Documents/ObjectRec/ros2_ws/install/drone_object_recognition/lib/drone_object_recognition/train_classifier.py
-- Up-to-date: /home/aro/Documents/ObjectRec/ros2_ws/install/drone_object_recognition/share/drone_object_recognition//launch
-- Installing: /home/aro/Documents/ObjectRec/ros2_ws/install/drone_object_recognition/share/drone_object_recognition//launch/object_recognition.launch.py
-- Up-to-date: /home/aro/Documents/ObjectRec/ros2_ws/install/drone_object_recognition/share/ament_index/resource_index/package_run_dependencies/drone_object_recognition
-- Up-to-date: /home/aro/Documents/ObjectRec/ros2_ws/install/drone_object_recognition/share/ament_index/resource_index/parent_prefix_path/drone_object_recognition
-- Up-to-date: /home/aro/Documents/ObjectRec/ros2_ws/install/drone_object_recognition/share/drone_object_recognition/environment/ament_prefix_path.sh
-- Up-to-date: /home/aro/Documents/ObjectRec/ros2_ws/install/drone_object_recognition/share/drone_object_recognition/environment/ament_prefix_path.dsv
-- Up-to-date: /home/aro/Documents/ObjectRec/ros2_ws/install/drone_object_recognition/share/drone_object_recognition/environment/path.sh
-- Up-to-date: /home/aro/Documents/ObjectRec/ros2_ws/install/drone_object_recognition/share/drone_object_recognition/environment/path.dsv
-- Up-to-date: /home/aro/Documents/ObjectRec/ros2_ws/install/drone_object_recognition/share/drone_object_recognition/local_setup.bash
-- Up-to-date: /home/aro/Documents/ObjectRec/ros2_ws/install/drone_object_recognition/share/drone_object_recognition/local_setup.sh
-- Up-to-date: /home/aro/Documents/ObjectRec/ros2_ws/install/drone_object_recognition/share/drone_object_recognition/local_setup.zsh
-- Up-to-date: /home/aro/Documents/ObjectRec/ros2_ws/install/drone_object_recognition/share/drone_object_recognition/local_setup.dsv
-- Installing: /home/aro/Documents/ObjectRec/ros2_ws/install/drone_object_recognition/share/drone_object_recognition/package.dsv
-- Up-to-date: /home/aro/Documents/ObjectRec/ros2_ws/install/drone_object_recognition/share/ament_index/resource_index/packages/drone_object_recognition
-- Up-to-date: /home/aro/Documents/ObjectRec/ros2_ws/install/drone_object_recognition/share/drone_object_recognition/cmake/drone_object_recognitionConfig.cmake
-- Up-to-date: /home/aro/Documents/ObjectRec/ros2_ws/install/drone_object_recognition/share/drone_object_recognition/cmake/drone_object_recognitionConfig-version.cmake
-- Up-to-date: /home/aro/Documents/ObjectRec/ros2_ws/install/drone_object_recognition/share/drone_object_recognition/package.xml
