[0.014s] Invoking command in '/home/aro/Documents/ObjectRec/ros2_ws/build/drone_object_recognition': CMAKE_PREFIX_PATH=${CMAKE_PREFIX_PATH}:/opt/ros/jazzy DEBUGINFOD_URLS=https://debuginfod.ubuntu.com /usr/bin/cmake --build /home/aro/Documents/ObjectRec/ros2_ws/build/drone_object_recognition -- -j16 -l16
[0.072s] -- Found ament_cmake: 2.5.4 (/opt/ros/jazzy/share/ament_cmake/cmake)
[0.499s] -- Found rclpy: 7.1.5 (/opt/ros/jazzy/share/rclpy/cmake)
[0.499s] -- Found sensor_msgs: 5.3.6 (/opt/ros/jazzy/share/sensor_msgs/cmake)
[0.549s] -- Found rosidl_generator_c: 4.6.6 (/opt/ros/jazzy/share/rosidl_generator_c/cmake)
[0.565s] -- Found rosidl_generator_cpp: 4.6.6 (/opt/ros/jazzy/share/rosidl_generator_cpp/cmake)
[0.582s] -- Using all available rosidl_typesupport_c: rosidl_typesupport_fastrtps_c;rosidl_typesupport_introspection_c
[0.603s] -- Using all available rosidl_typesupport_cpp: rosidl_typesupport_fastrtps_cpp;rosidl_typesupport_introspection_cpp
[0.718s] -- Found vision_msgs: 4.1.1 (/opt/ros/jazzy/share/vision_msgs/cmake)
[0.738s] -- Found cv_bridge: 4.1.0 (/opt/ros/jazzy/share/cv_bridge/cmake)
[0.787s] -- Found rmw_implementation_cmake: 7.3.2 (/opt/ros/jazzy/share/rmw_implementation_cmake/cmake)
[0.788s] -- Found rmw_fastrtps_cpp: 8.4.3 (/opt/ros/jazzy/share/rmw_fastrtps_cpp/cmake)
[0.887s] -- Using RMW implementation 'rmw_fastrtps_cpp' as default
[0.957s] -- Found image_transport: 5.1.7 (/opt/ros/jazzy/share/image_transport/cmake)
[0.970s] -- Found ament_lint_auto: 0.17.3 (/opt/ros/jazzy/share/ament_lint_auto/cmake)
[1.133s] -- Added test 'copyright' to check source files copyright and LICENSE
[6.675s] -- Added test 'cppcheck' to perform static code analysis on C / C++ code
[6.676s] -- Configured cppcheck include dirs: 
[6.676s] -- Configured cppcheck exclude dirs and/or files: 
[12.274s] -- Added test 'cpplint' to check C / C++ code against the Google style
[12.274s] -- Configured cpplint exclude dirs and/or files: 
[12.979s] -- Added test 'flake8' to check Python code syntax and style conventions
[12.979s] -- Configured 'flake8' exclude dirs and/or files: 
[14.343s] -- Added test 'lint_cmake' to check CMake code style
[15.044s] -- Added test 'pep257' to check Python code against some of the docstring style conventions in PEP 257
[20.552s] -- Added test 'uncrustify' to check C / C++ code style
[20.552s] -- Configured uncrustify additional arguments: 
[21.232s] -- Added test 'xmllint' to check XML markup files
[21.233s] -- Configuring done (21.2s)
[21.238s] -- Generating done (0.0s)
[21.256s] -- Build files have been written to: /home/aro/Documents/ObjectRec/ros2_ws/build/drone_object_recognition
[21.316s] Invoked command in '/home/aro/Documents/ObjectRec/ros2_ws/build/drone_object_recognition' returned '0': CMAKE_PREFIX_PATH=${CMAKE_PREFIX_PATH}:/opt/ros/jazzy DEBUGINFOD_URLS=https://debuginfod.ubuntu.com /usr/bin/cmake --build /home/aro/Documents/ObjectRec/ros2_ws/build/drone_object_recognition -- -j16 -l16
[21.336s] Invoking command in '/home/aro/Documents/ObjectRec/ros2_ws/build/drone_object_recognition': CMAKE_PREFIX_PATH=${CMAKE_PREFIX_PATH}:/opt/ros/jazzy DEBUGINFOD_URLS=https://debuginfod.ubuntu.com /usr/bin/cmake --install /home/aro/Documents/ObjectRec/ros2_ws/build/drone_object_recognition
[21.354s] -- Install configuration: ""
[21.354s] -- Installing: /home/aro/Documents/ObjectRec/ros2_ws/install/drone_object_recognition/lib/drone_object_recognition/live_object_detection.py
[21.354s] -- Up-to-date: /home/aro/Documents/ObjectRec/ros2_ws/install/drone_object_recognition/lib/drone_object_recognition/live_object_detection_jetson.py
[21.355s] -- Up-to-date: /home/aro/Documents/ObjectRec/ros2_ws/install/drone_object_recognition/lib/drone_object_recognition/camera_publisher_node.py
[21.355s] -- Up-to-date: /home/aro/Documents/ObjectRec/ros2_ws/install/drone_object_recognition/lib/drone_object_recognition/mobilenet_classifier.py
[21.355s] -- Up-to-date: /home/aro/Documents/ObjectRec/ros2_ws/install/drone_object_recognition/lib/drone_object_recognition/detection_logger.py
[21.355s] -- Up-to-date: /home/aro/Documents/ObjectRec/ros2_ws/install/drone_object_recognition/lib/drone_object_recognition/train_classifier.py
[21.355s] -- Up-to-date: /home/aro/Documents/ObjectRec/ros2_ws/install/drone_object_recognition/share/drone_object_recognition//launch
[21.355s] -- Installing: /home/aro/Documents/ObjectRec/ros2_ws/install/drone_object_recognition/share/drone_object_recognition//launch/object_recognition.launch.py
[21.356s] -- Up-to-date: /home/aro/Documents/ObjectRec/ros2_ws/install/drone_object_recognition/share/ament_index/resource_index/package_run_dependencies/drone_object_recognition
[21.356s] -- Up-to-date: /home/aro/Documents/ObjectRec/ros2_ws/install/drone_object_recognition/share/ament_index/resource_index/parent_prefix_path/drone_object_recognition
[21.356s] -- Up-to-date: /home/aro/Documents/ObjectRec/ros2_ws/install/drone_object_recognition/share/drone_object_recognition/environment/ament_prefix_path.sh
[21.356s] -- Up-to-date: /home/aro/Documents/ObjectRec/ros2_ws/install/drone_object_recognition/share/drone_object_recognition/environment/ament_prefix_path.dsv
[21.356s] -- Up-to-date: /home/aro/Documents/ObjectRec/ros2_ws/install/drone_object_recognition/share/drone_object_recognition/environment/path.sh
[21.356s] -- Up-to-date: /home/aro/Documents/ObjectRec/ros2_ws/install/drone_object_recognition/share/drone_object_recognition/environment/path.dsv
[21.357s] -- Up-to-date: /home/aro/Documents/ObjectRec/ros2_ws/install/drone_object_recognition/share/drone_object_recognition/local_setup.bash
[21.357s] -- Up-to-date: /home/aro/Documents/ObjectRec/ros2_ws/install/drone_object_recognition/share/drone_object_recognition/local_setup.sh
[21.357s] -- Up-to-date: /home/aro/Documents/ObjectRec/ros2_ws/install/drone_object_recognition/share/drone_object_recognition/local_setup.zsh
[21.357s] -- Up-to-date: /home/aro/Documents/ObjectRec/ros2_ws/install/drone_object_recognition/share/drone_object_recognition/local_setup.dsv
[21.357s] -- Installing: /home/aro/Documents/ObjectRec/ros2_ws/install/drone_object_recognition/share/drone_object_recognition/package.dsv
[21.357s] -- Up-to-date: /home/aro/Documents/ObjectRec/ros2_ws/install/drone_object_recognition/share/ament_index/resource_index/packages/drone_object_recognition
[21.357s] -- Up-to-date: /home/aro/Documents/ObjectRec/ros2_ws/install/drone_object_recognition/share/drone_object_recognition/cmake/drone_object_recognitionConfig.cmake
[21.357s] -- Up-to-date: /home/aro/Documents/ObjectRec/ros2_ws/install/drone_object_recognition/share/drone_object_recognition/cmake/drone_object_recognitionConfig-version.cmake
[21.357s] -- Up-to-date: /home/aro/Documents/ObjectRec/ros2_ws/install/drone_object_recognition/share/drone_object_recognition/package.xml
[21.359s] Invoked command in '/home/aro/Documents/ObjectRec/ros2_ws/build/drone_object_recognition' returned '0': CMAKE_PREFIX_PATH=${CMAKE_PREFIX_PATH}:/opt/ros/jazzy DEBUGINFOD_URLS=https://debuginfod.ubuntu.com /usr/bin/cmake --install /home/aro/Documents/ObjectRec/ros2_ws/build/drone_object_recognition
