[0.018s] Invoking command in '/home/aro/Documents/ObjectRec/ros2_ws/build/drone_object_recognition': CMAKE_PREFIX_PATH=${CMAKE_PREFIX_PATH}:/opt/ros/jazzy DEBUGINFOD_URLS=https://debuginfod.ubuntu.com /usr/bin/cmake /home/aro/Documents/ObjectRec/ros2_ws/src/drone_object_recognition -DCMAKE_INSTALL_PREFIX=/home/aro/Documents/ObjectRec/ros2_ws/install/drone_object_recognition
[0.141s] -- The C compiler identification is GNU 13.3.0
[0.266s] -- The CXX compiler identification is GNU 13.3.0
[0.300s] -- Detecting C compiler ABI info
[0.501s] -- Detecting C compiler ABI info - done
[0.524s] -- Check for working C compiler: /usr/bin/cc - skipped
[0.525s] -- Detecting C compile features
[0.526s] -- Detecting C compile features - done
[0.548s] -- Detecting CXX compiler ABI info
[0.774s] -- Detecting CXX compiler ABI info - done
[0.807s] -- Check for working CXX compiler: /usr/bin/c++ - skipped
[0.808s] -- Detecting CXX compile features
[0.810s] -- Detecting CXX compile features - done
[0.817s] -- Found ament_cmake: 2.5.4 (/opt/ros/jazzy/share/ament_cmake/cmake)
[1.152s] -- Found Python3: /usr/bin/python3 (found version "3.12.3") found components: Interpreter 
[1.333s] -- Found rclpy: 7.1.5 (/opt/ros/jazzy/share/rclpy/cmake)
[1.335s] -- Found sensor_msgs: 5.3.6 (/opt/ros/jazzy/share/sensor_msgs/cmake)
[1.394s] -- Found rosidl_generator_c: 4.6.6 (/opt/ros/jazzy/share/rosidl_generator_c/cmake)
[1.413s] -- Found rosidl_generator_cpp: 4.6.6 (/opt/ros/jazzy/share/rosidl_generator_cpp/cmake)
[1.438s] -- Using all available rosidl_typesupport_c: rosidl_typesupport_fastrtps_c;rosidl_typesupport_introspection_c
[1.465s] -- Using all available rosidl_typesupport_cpp: rosidl_typesupport_fastrtps_cpp;rosidl_typesupport_introspection_cpp
[1.573s] -- Found vision_msgs: 4.1.1 (/opt/ros/jazzy/share/vision_msgs/cmake)
[1.595s] -- Found cv_bridge: 4.1.0 (/opt/ros/jazzy/share/cv_bridge/cmake)
[1.658s] -- Found rmw_implementation_cmake: 7.3.2 (/opt/ros/jazzy/share/rmw_implementation_cmake/cmake)
[1.660s] -- Found rmw_fastrtps_cpp: 8.4.3 (/opt/ros/jazzy/share/rmw_fastrtps_cpp/cmake)
[1.825s] -- Found OpenSSL: /usr/lib/x86_64-linux-gnu/libcrypto.so (found version "3.0.13")  
[1.902s] -- Found FastRTPS: /opt/ros/jazzy/include (Required is at least version "2.13") 
[1.974s] -- Using RMW implementation 'rmw_fastrtps_cpp' as default
[2.126s] -- Found image_transport: 5.1.7 (/opt/ros/jazzy/share/image_transport/cmake)
[2.157s] -- Found ament_lint_auto: 0.17.3 (/opt/ros/jazzy/share/ament_lint_auto/cmake)
[2.332s] -- Added test 'copyright' to check source files copyright and LICENSE
[8.222s] -- Added test 'cppcheck' to perform static code analysis on C / C++ code
[8.222s] -- Configured cppcheck include dirs: 
[8.223s] -- Configured cppcheck exclude dirs and/or files: 
[14.030s] -- Added test 'cpplint' to check C / C++ code against the Google style
[14.031s] -- Configured cpplint exclude dirs and/or files: 
[14.776s] -- Added test 'flake8' to check Python code syntax and style conventions
[14.776s] -- Configured 'flake8' exclude dirs and/or files: 
[16.211s] -- Added test 'lint_cmake' to check CMake code style
[16.954s] -- Added test 'pep257' to check Python code against some of the docstring style conventions in PEP 257
[22.794s] -- Added test 'uncrustify' to check C / C++ code style
[22.794s] -- Configured uncrustify additional arguments: 
[23.521s] -- Added test 'xmllint' to check XML markup files
[23.522s] -- Configuring done (23.5s)
[23.528s] -- Generating done (0.0s)
[23.530s] -- Build files have been written to: /home/aro/Documents/ObjectRec/ros2_ws/build/drone_object_recognition
[23.553s] Invoked command in '/home/aro/Documents/ObjectRec/ros2_ws/build/drone_object_recognition' returned '0': CMAKE_PREFIX_PATH=${CMAKE_PREFIX_PATH}:/opt/ros/jazzy DEBUGINFOD_URLS=https://debuginfod.ubuntu.com /usr/bin/cmake /home/aro/Documents/ObjectRec/ros2_ws/src/drone_object_recognition -DCMAKE_INSTALL_PREFIX=/home/aro/Documents/ObjectRec/ros2_ws/install/drone_object_recognition
[23.556s] Invoking command in '/home/aro/Documents/ObjectRec/ros2_ws/build/drone_object_recognition': CMAKE_PREFIX_PATH=${CMAKE_PREFIX_PATH}:/opt/ros/jazzy DEBUGINFOD_URLS=https://debuginfod.ubuntu.com /usr/bin/cmake --build /home/aro/Documents/ObjectRec/ros2_ws/build/drone_object_recognition -- -j16 -l16
[23.657s] Invoked command in '/home/aro/Documents/ObjectRec/ros2_ws/build/drone_object_recognition' returned '0': CMAKE_PREFIX_PATH=${CMAKE_PREFIX_PATH}:/opt/ros/jazzy DEBUGINFOD_URLS=https://debuginfod.ubuntu.com /usr/bin/cmake --build /home/aro/Documents/ObjectRec/ros2_ws/build/drone_object_recognition -- -j16 -l16
[23.680s] Invoking command in '/home/aro/Documents/ObjectRec/ros2_ws/build/drone_object_recognition': CMAKE_PREFIX_PATH=${CMAKE_PREFIX_PATH}:/opt/ros/jazzy DEBUGINFOD_URLS=https://debuginfod.ubuntu.com /usr/bin/cmake --install /home/aro/Documents/ObjectRec/ros2_ws/build/drone_object_recognition
[23.697s] -- Install configuration: ""
[23.698s] -- Installing: /home/aro/Documents/ObjectRec/ros2_ws/install/drone_object_recognition/lib/drone_object_recognition/live_object_detection.py
[23.698s] -- Installing: /home/aro/Documents/ObjectRec/ros2_ws/install/drone_object_recognition/lib/drone_object_recognition/live_object_detection_jetson.py
[23.698s] -- Installing: /home/aro/Documents/ObjectRec/ros2_ws/install/drone_object_recognition/lib/drone_object_recognition/camera_publisher_node.py
[23.698s] -- Installing: /home/aro/Documents/ObjectRec/ros2_ws/install/drone_object_recognition/share/drone_object_recognition//launch
[23.699s] -- Installing: /home/aro/Documents/ObjectRec/ros2_ws/install/drone_object_recognition/share/drone_object_recognition//launch/object_recognition.launch.py
[23.699s] -- Installing: /home/aro/Documents/ObjectRec/ros2_ws/install/drone_object_recognition/share/ament_index/resource_index/package_run_dependencies/drone_object_recognition
[23.699s] -- Installing: /home/aro/Documents/ObjectRec/ros2_ws/install/drone_object_recognition/share/ament_index/resource_index/parent_prefix_path/drone_object_recognition
[23.699s] -- Installing: /home/aro/Documents/ObjectRec/ros2_ws/install/drone_object_recognition/share/drone_object_recognition/environment/ament_prefix_path.sh
[23.700s] -- Installing: /home/aro/Documents/ObjectRec/ros2_ws/install/drone_object_recognition/share/drone_object_recognition/environment/ament_prefix_path.dsv
[23.700s] -- Installing: /home/aro/Documents/ObjectRec/ros2_ws/install/drone_object_recognition/share/drone_object_recognition/environment/path.sh
[23.700s] -- Installing: /home/aro/Documents/ObjectRec/ros2_ws/install/drone_object_recognition/share/drone_object_recognition/environment/path.dsv
[23.700s] -- Installing: /home/aro/Documents/ObjectRec/ros2_ws/install/drone_object_recognition/share/drone_object_recognition/local_setup.bash
[23.701s] -- Installing: /home/aro/Documents/ObjectRec/ros2_ws/install/drone_object_recognition/share/drone_object_recognition/local_setup.sh
[23.701s] -- Installing: /home/aro/Documents/ObjectRec/ros2_ws/install/drone_object_recognition/share/drone_object_recognition/local_setup.zsh
[23.701s] -- Installing: /home/aro/Documents/ObjectRec/ros2_ws/install/drone_object_recognition/share/drone_object_recognition/local_setup.dsv
[23.701s] -- Installing: /home/aro/Documents/ObjectRec/ros2_ws/install/drone_object_recognition/share/drone_object_recognition/package.dsv
[23.702s] -- Installing: /home/aro/Documents/ObjectRec/ros2_ws/install/drone_object_recognition/share/ament_index/resource_index/packages/drone_object_recognition
[23.702s] -- Installing: /home/aro/Documents/ObjectRec/ros2_ws/install/drone_object_recognition/share/drone_object_recognition/cmake/drone_object_recognitionConfig.cmake
[23.702s] -- Installing: /home/aro/Documents/ObjectRec/ros2_ws/install/drone_object_recognition/share/drone_object_recognition/cmake/drone_object_recognitionConfig-version.cmake
[23.702s] -- Installing: /home/aro/Documents/ObjectRec/ros2_ws/install/drone_object_recognition/share/drone_object_recognition/package.xml
[23.706s] Invoked command in '/home/aro/Documents/ObjectRec/ros2_ws/build/drone_object_recognition' returned '0': CMAKE_PREFIX_PATH=${CMAKE_PREFIX_PATH}:/opt/ros/jazzy DEBUGINFOD_URLS=https://debuginfod.ubuntu.com /usr/bin/cmake --install /home/aro/Documents/ObjectRec/ros2_ws/build/drone_object_recognition
