[0.118s] DEBUG:colcon:Command line arguments: ['/usr/bin/colcon', 'build', '--packages-select', 'drone_object_recognition']
[0.118s] DEBUG:colcon:Parsed command line arguments: Namespace(log_base=None, log_level=None, verb_name='build', build_base='build', install_base='install', merge_install=False, symlink_install=False, test_result_base=None, continue_on_error=False, executor='parallel', parallel_workers=16, event_handlers=None, ignore_user_meta=False, metas=['./colcon.meta'], base_paths=['.'], packages_ignore=None, packages_ignore_regex=None, paths=None, packages_up_to=None, packages_up_to_regex=None, packages_above=None, packages_above_and_dependencies=None, packages_above_depth=None, packages_select_by_dep=None, packages_skip_by_dep=None, packages_skip_up_to=None, packages_select_build_failed=False, packages_skip_build_finished=False, packages_select_test_failures=False, packages_skip_test_passed=False, packages_select=['drone_object_recognition'], packages_skip=None, packages_select_regex=None, packages_skip_regex=None, packages_start=None, packages_end=None, allow_overriding=[], cmake_args=None, cmake_target=None, cmake_target_skip_unavailable=False, cmake_clean_cache=False, cmake_clean_first=False, cmake_force_configure=False, ament_cmake_args=None, catkin_cmake_args=None, catkin_skip_building_tests=False, verb_parser=<colcon_defaults.argument_parser.defaults.DefaultArgumentsDecorator object at 0x79b997776ba0>, verb_extension=<colcon_core.verb.build.BuildVerb object at 0x79b997720aa0>, main=<bound method BuildVerb.main of <colcon_core.verb.build.BuildVerb object at 0x79b997720aa0>>)
[0.159s] Level 1:colcon.colcon_core.package_discovery:discover_packages(colcon_meta) check parameters
[0.159s] Level 1:colcon.colcon_core.package_discovery:discover_packages(recursive) check parameters
[0.159s] Level 1:colcon.colcon_core.package_discovery:discover_packages(ignore) check parameters
[0.159s] Level 1:colcon.colcon_core.package_discovery:discover_packages(path) check parameters
[0.159s] Level 1:colcon.colcon_core.package_discovery:discover_packages(colcon_meta) discover
[0.159s] Level 1:colcon.colcon_core.package_discovery:discover_packages(recursive) discover
[0.159s] INFO:colcon.colcon_core.package_discovery:Crawling recursively for packages in '/home/aro/Documents/ObjectRec/ros2_ws'
[0.159s] Level 1:colcon.colcon_core.package_identification:_identify(.) by extensions ['ignore', 'ignore_ament_install']
[0.159s] Level 1:colcon.colcon_core.package_identification:_identify(.) by extension 'ignore'
[0.159s] Level 1:colcon.colcon_core.package_identification:_identify(.) by extension 'ignore_ament_install'
[0.159s] Level 1:colcon.colcon_core.package_identification:_identify(.) by extensions ['colcon_pkg']
[0.159s] Level 1:colcon.colcon_core.package_identification:_identify(.) by extension 'colcon_pkg'
[0.159s] Level 1:colcon.colcon_core.package_identification:_identify(.) by extensions ['colcon_meta']
[0.159s] Level 1:colcon.colcon_core.package_identification:_identify(.) by extension 'colcon_meta'
[0.160s] Level 1:colcon.colcon_core.package_identification:_identify(.) by extensions ['ros']
[0.160s] Level 1:colcon.colcon_core.package_identification:_identify(.) by extension 'ros'
[0.187s] Level 1:colcon.colcon_core.package_identification:_identify(.) by extensions ['cmake', 'python']
[0.187s] Level 1:colcon.colcon_core.package_identification:_identify(.) by extension 'cmake'
[0.187s] Level 1:colcon.colcon_core.package_identification:_identify(.) by extension 'python'
[0.187s] Level 1:colcon.colcon_core.package_identification:_identify(.) by extensions ['python_setup_py']
[0.187s] Level 1:colcon.colcon_core.package_identification:_identify(.) by extension 'python_setup_py'
[0.187s] Level 1:colcon.colcon_core.package_identification:_identify(build) by extensions ['ignore', 'ignore_ament_install']
[0.187s] Level 1:colcon.colcon_core.package_identification:_identify(build) by extension 'ignore'
[0.188s] Level 1:colcon.colcon_core.package_identification:_identify(build) ignored
[0.188s] Level 1:colcon.colcon_core.package_identification:_identify(install) by extensions ['ignore', 'ignore_ament_install']
[0.188s] Level 1:colcon.colcon_core.package_identification:_identify(install) by extension 'ignore'
[0.188s] Level 1:colcon.colcon_core.package_identification:_identify(install) ignored
[0.188s] Level 1:colcon.colcon_core.package_identification:_identify(log) by extensions ['ignore', 'ignore_ament_install']
[0.188s] Level 1:colcon.colcon_core.package_identification:_identify(log) by extension 'ignore'
[0.188s] Level 1:colcon.colcon_core.package_identification:_identify(log) ignored
[0.188s] Level 1:colcon.colcon_core.package_identification:_identify(src) by extensions ['ignore', 'ignore_ament_install']
[0.188s] Level 1:colcon.colcon_core.package_identification:_identify(src) by extension 'ignore'
[0.188s] Level 1:colcon.colcon_core.package_identification:_identify(src) by extension 'ignore_ament_install'
[0.188s] Level 1:colcon.colcon_core.package_identification:_identify(src) by extensions ['colcon_pkg']
[0.188s] Level 1:colcon.colcon_core.package_identification:_identify(src) by extension 'colcon_pkg'
[0.188s] Level 1:colcon.colcon_core.package_identification:_identify(src) by extensions ['colcon_meta']
[0.188s] Level 1:colcon.colcon_core.package_identification:_identify(src) by extension 'colcon_meta'
[0.188s] Level 1:colcon.colcon_core.package_identification:_identify(src) by extensions ['ros']
[0.188s] Level 1:colcon.colcon_core.package_identification:_identify(src) by extension 'ros'
[0.189s] Level 1:colcon.colcon_core.package_identification:_identify(src) by extensions ['cmake', 'python']
[0.189s] Level 1:colcon.colcon_core.package_identification:_identify(src) by extension 'cmake'
[0.189s] Level 1:colcon.colcon_core.package_identification:_identify(src) by extension 'python'
[0.189s] Level 1:colcon.colcon_core.package_identification:_identify(src) by extensions ['python_setup_py']
[0.189s] Level 1:colcon.colcon_core.package_identification:_identify(src) by extension 'python_setup_py'
[0.189s] Level 1:colcon.colcon_core.package_identification:_identify(src/drone_object_recognition) by extensions ['ignore', 'ignore_ament_install']
[0.189s] Level 1:colcon.colcon_core.package_identification:_identify(src/drone_object_recognition) by extension 'ignore'
[0.189s] Level 1:colcon.colcon_core.package_identification:_identify(src/drone_object_recognition) by extension 'ignore_ament_install'
[0.189s] Level 1:colcon.colcon_core.package_identification:_identify(src/drone_object_recognition) by extensions ['colcon_pkg']
[0.189s] Level 1:colcon.colcon_core.package_identification:_identify(src/drone_object_recognition) by extension 'colcon_pkg'
[0.189s] Level 1:colcon.colcon_core.package_identification:_identify(src/drone_object_recognition) by extensions ['colcon_meta']
[0.189s] Level 1:colcon.colcon_core.package_identification:_identify(src/drone_object_recognition) by extension 'colcon_meta'
[0.189s] Level 1:colcon.colcon_core.package_identification:_identify(src/drone_object_recognition) by extensions ['ros']
[0.189s] Level 1:colcon.colcon_core.package_identification:_identify(src/drone_object_recognition) by extension 'ros'
[0.193s] DEBUG:colcon.colcon_core.package_identification:Package 'src/drone_object_recognition' with type 'ros.ament_cmake' and name 'drone_object_recognition'
[0.193s] Level 1:colcon.colcon_core.package_discovery:discover_packages(recursive) using defaults
[0.193s] Level 1:colcon.colcon_core.package_discovery:discover_packages(ignore) discover
[0.193s] Level 1:colcon.colcon_core.package_discovery:discover_packages(ignore) using defaults
[0.193s] Level 1:colcon.colcon_core.package_discovery:discover_packages(path) discover
[0.193s] Level 1:colcon.colcon_core.package_discovery:discover_packages(path) using defaults
[0.212s] Level 1:colcon.colcon_core.package_discovery:discover_packages(prefix_path) check parameters
[0.212s] Level 1:colcon.colcon_core.package_discovery:discover_packages(prefix_path) discover
[0.214s] DEBUG:colcon.colcon_installed_package_information.package_discovery:Found 294 installed packages in /opt/ros/jazzy
[0.215s] Level 1:colcon.colcon_core.package_discovery:discover_packages(prefix_path) using defaults
[0.252s] Level 5:colcon.colcon_core.verb:set package 'drone_object_recognition' build argument 'cmake_args' from command line to 'None'
[0.252s] Level 5:colcon.colcon_core.verb:set package 'drone_object_recognition' build argument 'cmake_target' from command line to 'None'
[0.252s] Level 5:colcon.colcon_core.verb:set package 'drone_object_recognition' build argument 'cmake_target_skip_unavailable' from command line to 'False'
[0.252s] Level 5:colcon.colcon_core.verb:set package 'drone_object_recognition' build argument 'cmake_clean_cache' from command line to 'False'
[0.252s] Level 5:colcon.colcon_core.verb:set package 'drone_object_recognition' build argument 'cmake_clean_first' from command line to 'False'
[0.252s] Level 5:colcon.colcon_core.verb:set package 'drone_object_recognition' build argument 'cmake_force_configure' from command line to 'False'
[0.252s] Level 5:colcon.colcon_core.verb:set package 'drone_object_recognition' build argument 'ament_cmake_args' from command line to 'None'
[0.252s] Level 5:colcon.colcon_core.verb:set package 'drone_object_recognition' build argument 'catkin_cmake_args' from command line to 'None'
[0.252s] Level 5:colcon.colcon_core.verb:set package 'drone_object_recognition' build argument 'catkin_skip_building_tests' from command line to 'False'
[0.252s] DEBUG:colcon.colcon_core.verb:Building package 'drone_object_recognition' with the following arguments: {'ament_cmake_args': None, 'build_base': '/home/aro/Documents/ObjectRec/ros2_ws/build/drone_object_recognition', 'catkin_cmake_args': None, 'catkin_skip_building_tests': False, 'cmake_args': None, 'cmake_clean_cache': False, 'cmake_clean_first': False, 'cmake_force_configure': False, 'cmake_target': None, 'cmake_target_skip_unavailable': False, 'install_base': '/home/aro/Documents/ObjectRec/ros2_ws/install/drone_object_recognition', 'merge_install': False, 'path': '/home/aro/Documents/ObjectRec/ros2_ws/src/drone_object_recognition', 'symlink_install': False, 'test_result_base': None}
[0.252s] INFO:colcon.colcon_core.executor:Executing jobs using 'parallel' executor
[0.253s] DEBUG:colcon.colcon_parallel_executor.executor.parallel:run_until_complete
[0.253s] INFO:colcon.colcon_ros.task.ament_cmake.build:Building ROS package in '/home/aro/Documents/ObjectRec/ros2_ws/src/drone_object_recognition' with build type 'ament_cmake'
[0.254s] INFO:colcon.colcon_cmake.task.cmake.build:Building CMake package in '/home/aro/Documents/ObjectRec/ros2_ws/src/drone_object_recognition'
[0.256s] INFO:colcon.colcon_core.plugin_system:Skipping extension 'colcon_core.shell.bat': Not used on non-Windows systems
[0.256s] INFO:colcon.colcon_core.shell:Skip shell extension 'powershell' for command environment: Not usable outside of PowerShell
[0.256s] DEBUG:colcon.colcon_core.shell:Skip shell extension 'dsv' for command environment
[0.267s] DEBUG:colcon.colcon_core.event_handler.log_command:Invoking command in '/home/aro/Documents/ObjectRec/ros2_ws/build/drone_object_recognition': CMAKE_PREFIX_PATH=${CMAKE_PREFIX_PATH}:/opt/ros/jazzy DEBUGINFOD_URLS=https://debuginfod.ubuntu.com /usr/bin/cmake --build /home/aro/Documents/ObjectRec/ros2_ws/build/drone_object_recognition -- -j16 -l16
[21.596s] DEBUG:colcon.colcon_core.event_handler.log_command:Invoked command in '/home/aro/Documents/ObjectRec/ros2_ws/build/drone_object_recognition' returned '0': CMAKE_PREFIX_PATH=${CMAKE_PREFIX_PATH}:/opt/ros/jazzy DEBUGINFOD_URLS=https://debuginfod.ubuntu.com /usr/bin/cmake --build /home/aro/Documents/ObjectRec/ros2_ws/build/drone_object_recognition -- -j16 -l16
[21.619s] DEBUG:colcon.colcon_core.event_handler.log_command:Invoking command in '/home/aro/Documents/ObjectRec/ros2_ws/build/drone_object_recognition': CMAKE_PREFIX_PATH=${CMAKE_PREFIX_PATH}:/opt/ros/jazzy DEBUGINFOD_URLS=https://debuginfod.ubuntu.com /usr/bin/cmake --install /home/aro/Documents/ObjectRec/ros2_ws/build/drone_object_recognition
[21.641s] Level 1:colcon.colcon_core.environment:create_environment_scripts_only(drone_object_recognition)
[21.642s] DEBUG:colcon.colcon_core.event_handler.log_command:Invoked command in '/home/aro/Documents/ObjectRec/ros2_ws/build/drone_object_recognition' returned '0': CMAKE_PREFIX_PATH=${CMAKE_PREFIX_PATH}:/opt/ros/jazzy DEBUGINFOD_URLS=https://debuginfod.ubuntu.com /usr/bin/cmake --install /home/aro/Documents/ObjectRec/ros2_ws/build/drone_object_recognition
[21.646s] Level 1:colcon.colcon_core.environment:checking '/home/aro/Documents/ObjectRec/ros2_ws/install/drone_object_recognition' for CMake module files
[21.647s] Level 1:colcon.colcon_core.environment:checking '/home/aro/Documents/ObjectRec/ros2_ws/install/drone_object_recognition' for CMake config files
[21.648s] Level 1:colcon.colcon_core.shell:create_environment_hook('drone_object_recognition', 'cmake_prefix_path')
[21.648s] INFO:colcon.colcon_core.shell:Creating environment hook '/home/aro/Documents/ObjectRec/ros2_ws/install/drone_object_recognition/share/drone_object_recognition/hook/cmake_prefix_path.ps1'
[21.650s] INFO:colcon.colcon_core.shell:Creating environment descriptor '/home/aro/Documents/ObjectRec/ros2_ws/install/drone_object_recognition/share/drone_object_recognition/hook/cmake_prefix_path.dsv'
[21.650s] INFO:colcon.colcon_core.shell:Creating environment hook '/home/aro/Documents/ObjectRec/ros2_ws/install/drone_object_recognition/share/drone_object_recognition/hook/cmake_prefix_path.sh'
[21.652s] Level 1:colcon.colcon_core.environment:checking '/home/aro/Documents/ObjectRec/ros2_ws/install/drone_object_recognition/lib'
[21.653s] Level 1:colcon.colcon_core.environment:checking '/home/aro/Documents/ObjectRec/ros2_ws/install/drone_object_recognition/bin'
[21.653s] Level 1:colcon.colcon_core.environment:checking '/home/aro/Documents/ObjectRec/ros2_ws/install/drone_object_recognition/lib/pkgconfig/drone_object_recognition.pc'
[21.653s] Level 1:colcon.colcon_core.environment:checking '/home/aro/Documents/ObjectRec/ros2_ws/install/drone_object_recognition/lib/python3.12/site-packages'
[21.654s] Level 1:colcon.colcon_core.environment:checking '/home/aro/Documents/ObjectRec/ros2_ws/install/drone_object_recognition/bin'
[21.654s] INFO:colcon.colcon_core.shell:Creating package script '/home/aro/Documents/ObjectRec/ros2_ws/install/drone_object_recognition/share/drone_object_recognition/package.ps1'
[21.656s] INFO:colcon.colcon_core.shell:Creating package descriptor '/home/aro/Documents/ObjectRec/ros2_ws/install/drone_object_recognition/share/drone_object_recognition/package.dsv'
[21.656s] INFO:colcon.colcon_core.shell:Creating package script '/home/aro/Documents/ObjectRec/ros2_ws/install/drone_object_recognition/share/drone_object_recognition/package.sh'
[21.658s] INFO:colcon.colcon_core.shell:Creating package script '/home/aro/Documents/ObjectRec/ros2_ws/install/drone_object_recognition/share/drone_object_recognition/package.bash'
[21.659s] INFO:colcon.colcon_core.shell:Creating package script '/home/aro/Documents/ObjectRec/ros2_ws/install/drone_object_recognition/share/drone_object_recognition/package.zsh'
[21.660s] Level 1:colcon.colcon_core.environment:create_file_with_runtime_dependencies(/home/aro/Documents/ObjectRec/ros2_ws/install/drone_object_recognition/share/colcon-core/packages/drone_object_recognition)
[21.661s] Level 1:colcon.colcon_core.environment:create_environment_scripts_only(drone_object_recognition)
[21.661s] Level 1:colcon.colcon_core.environment:checking '/home/aro/Documents/ObjectRec/ros2_ws/install/drone_object_recognition' for CMake module files
[21.662s] Level 1:colcon.colcon_core.environment:checking '/home/aro/Documents/ObjectRec/ros2_ws/install/drone_object_recognition' for CMake config files
[21.662s] Level 1:colcon.colcon_core.shell:create_environment_hook('drone_object_recognition', 'cmake_prefix_path')
[21.663s] INFO:colcon.colcon_core.shell:Creating environment hook '/home/aro/Documents/ObjectRec/ros2_ws/install/drone_object_recognition/share/drone_object_recognition/hook/cmake_prefix_path.ps1'
[21.664s] INFO:colcon.colcon_core.shell:Creating environment descriptor '/home/aro/Documents/ObjectRec/ros2_ws/install/drone_object_recognition/share/drone_object_recognition/hook/cmake_prefix_path.dsv'
[21.664s] INFO:colcon.colcon_core.shell:Creating environment hook '/home/aro/Documents/ObjectRec/ros2_ws/install/drone_object_recognition/share/drone_object_recognition/hook/cmake_prefix_path.sh'
[21.665s] Level 1:colcon.colcon_core.environment:checking '/home/aro/Documents/ObjectRec/ros2_ws/install/drone_object_recognition/lib'
[21.666s] Level 1:colcon.colcon_core.environment:checking '/home/aro/Documents/ObjectRec/ros2_ws/install/drone_object_recognition/bin'
[21.666s] Level 1:colcon.colcon_core.environment:checking '/home/aro/Documents/ObjectRec/ros2_ws/install/drone_object_recognition/lib/pkgconfig/drone_object_recognition.pc'
[21.666s] Level 1:colcon.colcon_core.environment:checking '/home/aro/Documents/ObjectRec/ros2_ws/install/drone_object_recognition/lib/python3.12/site-packages'
[21.666s] Level 1:colcon.colcon_core.environment:checking '/home/aro/Documents/ObjectRec/ros2_ws/install/drone_object_recognition/bin'
[21.667s] INFO:colcon.colcon_core.shell:Creating package script '/home/aro/Documents/ObjectRec/ros2_ws/install/drone_object_recognition/share/drone_object_recognition/package.ps1'
[21.668s] INFO:colcon.colcon_core.shell:Creating package descriptor '/home/aro/Documents/ObjectRec/ros2_ws/install/drone_object_recognition/share/drone_object_recognition/package.dsv'
[21.669s] INFO:colcon.colcon_core.shell:Creating package script '/home/aro/Documents/ObjectRec/ros2_ws/install/drone_object_recognition/share/drone_object_recognition/package.sh'
[21.669s] INFO:colcon.colcon_core.shell:Creating package script '/home/aro/Documents/ObjectRec/ros2_ws/install/drone_object_recognition/share/drone_object_recognition/package.bash'
[21.670s] INFO:colcon.colcon_core.shell:Creating package script '/home/aro/Documents/ObjectRec/ros2_ws/install/drone_object_recognition/share/drone_object_recognition/package.zsh'
[21.671s] Level 1:colcon.colcon_core.environment:create_file_with_runtime_dependencies(/home/aro/Documents/ObjectRec/ros2_ws/install/drone_object_recognition/share/colcon-core/packages/drone_object_recognition)
[21.671s] DEBUG:colcon.colcon_parallel_executor.executor.parallel:closing loop
[21.672s] DEBUG:colcon.colcon_parallel_executor.executor.parallel:loop closed
[21.672s] DEBUG:colcon.colcon_parallel_executor.executor.parallel:run_until_complete finished with '0'
[21.672s] DEBUG:colcon.colcon_core.event_reactor:joining thread
[21.684s] INFO:colcon.colcon_core.plugin_system:Skipping extension 'colcon_notification.desktop_notification.terminal_notifier': Not used on non-Darwin systems
[21.684s] INFO:colcon.colcon_core.plugin_system:Skipping extension 'colcon_notification.desktop_notification.win32': Not used on non-Windows systems
[21.684s] INFO:colcon.colcon_notification.desktop_notification:Sending desktop notification using 'notify2'
[21.715s] DEBUG:colcon.colcon_core.event_reactor:joined thread
[21.716s] INFO:colcon.colcon_core.shell:Creating prefix script '/home/aro/Documents/ObjectRec/ros2_ws/install/local_setup.ps1'
[21.717s] INFO:colcon.colcon_core.shell:Creating prefix util module '/home/aro/Documents/ObjectRec/ros2_ws/install/_local_setup_util_ps1.py'
[21.720s] INFO:colcon.colcon_core.shell:Creating prefix chain script '/home/aro/Documents/ObjectRec/ros2_ws/install/setup.ps1'
[21.721s] INFO:colcon.colcon_core.shell:Creating prefix script '/home/aro/Documents/ObjectRec/ros2_ws/install/local_setup.sh'
[21.722s] INFO:colcon.colcon_core.shell:Creating prefix util module '/home/aro/Documents/ObjectRec/ros2_ws/install/_local_setup_util_sh.py'
[21.723s] INFO:colcon.colcon_core.shell:Creating prefix chain script '/home/aro/Documents/ObjectRec/ros2_ws/install/setup.sh'
[21.725s] INFO:colcon.colcon_core.shell:Creating prefix script '/home/aro/Documents/ObjectRec/ros2_ws/install/local_setup.bash'
[21.726s] INFO:colcon.colcon_core.shell:Creating prefix chain script '/home/aro/Documents/ObjectRec/ros2_ws/install/setup.bash'
[21.727s] INFO:colcon.colcon_core.shell:Creating prefix script '/home/aro/Documents/ObjectRec/ros2_ws/install/local_setup.zsh'
[21.728s] INFO:colcon.colcon_core.shell:Creating prefix chain script '/home/aro/Documents/ObjectRec/ros2_ws/install/setup.zsh'
