[0.119s] DEBUG:colcon:Command line arguments: ['/usr/bin/colcon', 'build', '--packages-select', 'drone_object_recognition']
[0.120s] DEBUG:colcon:Parsed command line arguments: Namespace(log_base=None, log_level=None, verb_name='build', build_base='build', install_base='install', merge_install=False, symlink_install=False, test_result_base=None, continue_on_error=False, executor='parallel', parallel_workers=16, event_handlers=None, ignore_user_meta=False, metas=['./colcon.meta'], base_paths=['.'], packages_ignore=None, packages_ignore_regex=None, paths=None, packages_up_to=None, packages_up_to_regex=None, packages_above=None, packages_above_and_dependencies=None, packages_above_depth=None, packages_select_by_dep=None, packages_skip_by_dep=None, packages_skip_up_to=None, packages_select_build_failed=False, packages_skip_build_finished=False, packages_select_test_failures=False, packages_skip_test_passed=False, packages_select=['drone_object_recognition'], packages_skip=None, packages_select_regex=None, packages_skip_regex=None, packages_start=None, packages_end=None, allow_overriding=[], cmake_args=None, cmake_target=None, cmake_target_skip_unavailable=False, cmake_clean_cache=False, cmake_clean_first=False, cmake_force_configure=False, ament_cmake_args=None, catkin_cmake_args=None, catkin_skip_building_tests=False, verb_parser=<colcon_defaults.argument_parser.defaults.DefaultArgumentsDecorator object at 0x749e61f66c00>, verb_extension=<colcon_core.verb.build.BuildVerb object at 0x749e61f10860>, main=<bound method BuildVerb.main of <colcon_core.verb.build.BuildVerb object at 0x749e61f10860>>)
[0.161s] Level 1:colcon.colcon_core.package_discovery:discover_packages(colcon_meta) check parameters
[0.161s] Level 1:colcon.colcon_core.package_discovery:discover_packages(recursive) check parameters
[0.162s] Level 1:colcon.colcon_core.package_discovery:discover_packages(ignore) check parameters
[0.162s] Level 1:colcon.colcon_core.package_discovery:discover_packages(path) check parameters
[0.162s] Level 1:colcon.colcon_core.package_discovery:discover_packages(colcon_meta) discover
[0.162s] Level 1:colcon.colcon_core.package_discovery:discover_packages(recursive) discover
[0.162s] INFO:colcon.colcon_core.package_discovery:Crawling recursively for packages in '/home/aro/Documents/ObjectRec/ros2_ws'
[0.162s] Level 1:colcon.colcon_core.package_identification:_identify(.) by extensions ['ignore', 'ignore_ament_install']
[0.162s] Level 1:colcon.colcon_core.package_identification:_identify(.) by extension 'ignore'
[0.162s] Level 1:colcon.colcon_core.package_identification:_identify(.) by extension 'ignore_ament_install'
[0.162s] Level 1:colcon.colcon_core.package_identification:_identify(.) by extensions ['colcon_pkg']
[0.162s] Level 1:colcon.colcon_core.package_identification:_identify(.) by extension 'colcon_pkg'
[0.162s] Level 1:colcon.colcon_core.package_identification:_identify(.) by extensions ['colcon_meta']
[0.162s] Level 1:colcon.colcon_core.package_identification:_identify(.) by extension 'colcon_meta'
[0.162s] Level 1:colcon.colcon_core.package_identification:_identify(.) by extensions ['ros']
[0.162s] Level 1:colcon.colcon_core.package_identification:_identify(.) by extension 'ros'
[0.190s] Level 1:colcon.colcon_core.package_identification:_identify(.) by extensions ['cmake', 'python']
[0.190s] Level 1:colcon.colcon_core.package_identification:_identify(.) by extension 'cmake'
[0.190s] Level 1:colcon.colcon_core.package_identification:_identify(.) by extension 'python'
[0.190s] Level 1:colcon.colcon_core.package_identification:_identify(.) by extensions ['python_setup_py']
[0.190s] Level 1:colcon.colcon_core.package_identification:_identify(.) by extension 'python_setup_py'
[0.190s] Level 1:colcon.colcon_core.package_identification:_identify(build) by extensions ['ignore', 'ignore_ament_install']
[0.190s] Level 1:colcon.colcon_core.package_identification:_identify(build) by extension 'ignore'
[0.191s] Level 1:colcon.colcon_core.package_identification:_identify(build) ignored
[0.191s] Level 1:colcon.colcon_core.package_identification:_identify(install) by extensions ['ignore', 'ignore_ament_install']
[0.191s] Level 1:colcon.colcon_core.package_identification:_identify(install) by extension 'ignore'
[0.191s] Level 1:colcon.colcon_core.package_identification:_identify(install) ignored
[0.191s] Level 1:colcon.colcon_core.package_identification:_identify(log) by extensions ['ignore', 'ignore_ament_install']
[0.191s] Level 1:colcon.colcon_core.package_identification:_identify(log) by extension 'ignore'
[0.191s] Level 1:colcon.colcon_core.package_identification:_identify(log) ignored
[0.191s] Level 1:colcon.colcon_core.package_identification:_identify(src) by extensions ['ignore', 'ignore_ament_install']
[0.191s] Level 1:colcon.colcon_core.package_identification:_identify(src) by extension 'ignore'
[0.191s] Level 1:colcon.colcon_core.package_identification:_identify(src) by extension 'ignore_ament_install'
[0.191s] Level 1:colcon.colcon_core.package_identification:_identify(src) by extensions ['colcon_pkg']
[0.191s] Level 1:colcon.colcon_core.package_identification:_identify(src) by extension 'colcon_pkg'
[0.191s] Level 1:colcon.colcon_core.package_identification:_identify(src) by extensions ['colcon_meta']
[0.191s] Level 1:colcon.colcon_core.package_identification:_identify(src) by extension 'colcon_meta'
[0.191s] Level 1:colcon.colcon_core.package_identification:_identify(src) by extensions ['ros']
[0.191s] Level 1:colcon.colcon_core.package_identification:_identify(src) by extension 'ros'
[0.192s] Level 1:colcon.colcon_core.package_identification:_identify(src) by extensions ['cmake', 'python']
[0.192s] Level 1:colcon.colcon_core.package_identification:_identify(src) by extension 'cmake'
[0.192s] Level 1:colcon.colcon_core.package_identification:_identify(src) by extension 'python'
[0.192s] Level 1:colcon.colcon_core.package_identification:_identify(src) by extensions ['python_setup_py']
[0.192s] Level 1:colcon.colcon_core.package_identification:_identify(src) by extension 'python_setup_py'
[0.192s] Level 1:colcon.colcon_core.package_identification:_identify(src/drone_object_recognition) by extensions ['ignore', 'ignore_ament_install']
[0.192s] Level 1:colcon.colcon_core.package_identification:_identify(src/drone_object_recognition) by extension 'ignore'
[0.192s] Level 1:colcon.colcon_core.package_identification:_identify(src/drone_object_recognition) by extension 'ignore_ament_install'
[0.192s] Level 1:colcon.colcon_core.package_identification:_identify(src/drone_object_recognition) by extensions ['colcon_pkg']
[0.192s] Level 1:colcon.colcon_core.package_identification:_identify(src/drone_object_recognition) by extension 'colcon_pkg'
[0.192s] Level 1:colcon.colcon_core.package_identification:_identify(src/drone_object_recognition) by extensions ['colcon_meta']
[0.192s] Level 1:colcon.colcon_core.package_identification:_identify(src/drone_object_recognition) by extension 'colcon_meta'
[0.192s] Level 1:colcon.colcon_core.package_identification:_identify(src/drone_object_recognition) by extensions ['ros']
[0.192s] Level 1:colcon.colcon_core.package_identification:_identify(src/drone_object_recognition) by extension 'ros'
[0.196s] DEBUG:colcon.colcon_core.package_identification:Package 'src/drone_object_recognition' with type 'ros.ament_cmake' and name 'drone_object_recognition'
[0.196s] Level 1:colcon.colcon_core.package_discovery:discover_packages(recursive) using defaults
[0.196s] Level 1:colcon.colcon_core.package_discovery:discover_packages(ignore) discover
[0.196s] Level 1:colcon.colcon_core.package_discovery:discover_packages(ignore) using defaults
[0.196s] Level 1:colcon.colcon_core.package_discovery:discover_packages(path) discover
[0.196s] Level 1:colcon.colcon_core.package_discovery:discover_packages(path) using defaults
[0.216s] Level 1:colcon.colcon_core.package_discovery:discover_packages(prefix_path) check parameters
[0.216s] Level 1:colcon.colcon_core.package_discovery:discover_packages(prefix_path) discover
[0.217s] WARNING:colcon.colcon_ros.prefix_path.ament:The path '/home/aro/Documents/ObjectRec/ros2_ws/install/drone_object_recognition' in the environment variable AMENT_PREFIX_PATH doesn't exist
[0.217s] WARNING:colcon.colcon_ros.prefix_path.catkin:The path '/home/aro/Documents/ObjectRec/ros2_ws/install/drone_object_recognition' in the environment variable CMAKE_PREFIX_PATH doesn't exist
[0.218s] DEBUG:colcon.colcon_installed_package_information.package_discovery:Found 0 installed packages in /home/aro/Documents/ObjectRec/ros2_ws/install
[0.219s] DEBUG:colcon.colcon_installed_package_information.package_discovery:Found 294 installed packages in /opt/ros/jazzy
[0.220s] Level 1:colcon.colcon_core.package_discovery:discover_packages(prefix_path) using defaults
[0.256s] Level 5:colcon.colcon_core.verb:set package 'drone_object_recognition' build argument 'cmake_args' from command line to 'None'
[0.257s] Level 5:colcon.colcon_core.verb:set package 'drone_object_recognition' build argument 'cmake_target' from command line to 'None'
[0.257s] Level 5:colcon.colcon_core.verb:set package 'drone_object_recognition' build argument 'cmake_target_skip_unavailable' from command line to 'False'
[0.257s] Level 5:colcon.colcon_core.verb:set package 'drone_object_recognition' build argument 'cmake_clean_cache' from command line to 'False'
[0.257s] Level 5:colcon.colcon_core.verb:set package 'drone_object_recognition' build argument 'cmake_clean_first' from command line to 'False'
[0.257s] Level 5:colcon.colcon_core.verb:set package 'drone_object_recognition' build argument 'cmake_force_configure' from command line to 'False'
[0.257s] Level 5:colcon.colcon_core.verb:set package 'drone_object_recognition' build argument 'ament_cmake_args' from command line to 'None'
[0.257s] Level 5:colcon.colcon_core.verb:set package 'drone_object_recognition' build argument 'catkin_cmake_args' from command line to 'None'
[0.257s] Level 5:colcon.colcon_core.verb:set package 'drone_object_recognition' build argument 'catkin_skip_building_tests' from command line to 'False'
[0.257s] DEBUG:colcon.colcon_core.verb:Building package 'drone_object_recognition' with the following arguments: {'ament_cmake_args': None, 'build_base': '/home/aro/Documents/ObjectRec/ros2_ws/build/drone_object_recognition', 'catkin_cmake_args': None, 'catkin_skip_building_tests': False, 'cmake_args': None, 'cmake_clean_cache': False, 'cmake_clean_first': False, 'cmake_force_configure': False, 'cmake_target': None, 'cmake_target_skip_unavailable': False, 'install_base': '/home/aro/Documents/ObjectRec/ros2_ws/install/drone_object_recognition', 'merge_install': False, 'path': '/home/aro/Documents/ObjectRec/ros2_ws/src/drone_object_recognition', 'symlink_install': False, 'test_result_base': None}
[0.257s] INFO:colcon.colcon_core.executor:Executing jobs using 'parallel' executor
[0.258s] DEBUG:colcon.colcon_parallel_executor.executor.parallel:run_until_complete
[0.258s] INFO:colcon.colcon_ros.task.ament_cmake.build:Building ROS package in '/home/aro/Documents/ObjectRec/ros2_ws/src/drone_object_recognition' with build type 'ament_cmake'
[0.259s] INFO:colcon.colcon_cmake.task.cmake.build:Building CMake package in '/home/aro/Documents/ObjectRec/ros2_ws/src/drone_object_recognition'
[0.262s] INFO:colcon.colcon_core.plugin_system:Skipping extension 'colcon_core.shell.bat': Not used on non-Windows systems
[0.263s] INFO:colcon.colcon_core.shell:Skip shell extension 'powershell' for command environment: Not usable outside of PowerShell
[0.263s] DEBUG:colcon.colcon_core.shell:Skip shell extension 'dsv' for command environment
[0.278s] DEBUG:colcon.colcon_core.event_handler.log_command:Invoking command in '/home/aro/Documents/ObjectRec/ros2_ws/build/drone_object_recognition': CMAKE_PREFIX_PATH=${CMAKE_PREFIX_PATH}:/opt/ros/jazzy DEBUGINFOD_URLS=https://debuginfod.ubuntu.com /usr/bin/cmake /home/aro/Documents/ObjectRec/ros2_ws/src/drone_object_recognition -DCMAKE_INSTALL_PREFIX=/home/aro/Documents/ObjectRec/ros2_ws/install/drone_object_recognition
[23.813s] DEBUG:colcon.colcon_core.event_handler.log_command:Invoked command in '/home/aro/Documents/ObjectRec/ros2_ws/build/drone_object_recognition' returned '0': CMAKE_PREFIX_PATH=${CMAKE_PREFIX_PATH}:/opt/ros/jazzy DEBUGINFOD_URLS=https://debuginfod.ubuntu.com /usr/bin/cmake /home/aro/Documents/ObjectRec/ros2_ws/src/drone_object_recognition -DCMAKE_INSTALL_PREFIX=/home/aro/Documents/ObjectRec/ros2_ws/install/drone_object_recognition
[23.816s] DEBUG:colcon.colcon_core.event_handler.log_command:Invoking command in '/home/aro/Documents/ObjectRec/ros2_ws/build/drone_object_recognition': CMAKE_PREFIX_PATH=${CMAKE_PREFIX_PATH}:/opt/ros/jazzy DEBUGINFOD_URLS=https://debuginfod.ubuntu.com /usr/bin/cmake --build /home/aro/Documents/ObjectRec/ros2_ws/build/drone_object_recognition -- -j16 -l16
[23.917s] DEBUG:colcon.colcon_core.event_handler.log_command:Invoked command in '/home/aro/Documents/ObjectRec/ros2_ws/build/drone_object_recognition' returned '0': CMAKE_PREFIX_PATH=${CMAKE_PREFIX_PATH}:/opt/ros/jazzy DEBUGINFOD_URLS=https://debuginfod.ubuntu.com /usr/bin/cmake --build /home/aro/Documents/ObjectRec/ros2_ws/build/drone_object_recognition -- -j16 -l16
[23.939s] DEBUG:colcon.colcon_core.event_handler.log_command:Invoking command in '/home/aro/Documents/ObjectRec/ros2_ws/build/drone_object_recognition': CMAKE_PREFIX_PATH=${CMAKE_PREFIX_PATH}:/opt/ros/jazzy DEBUGINFOD_URLS=https://debuginfod.ubuntu.com /usr/bin/cmake --install /home/aro/Documents/ObjectRec/ros2_ws/build/drone_object_recognition
[23.965s] Level 1:colcon.colcon_core.environment:create_environment_scripts_only(drone_object_recognition)
[23.966s] DEBUG:colcon.colcon_core.event_handler.log_command:Invoked command in '/home/aro/Documents/ObjectRec/ros2_ws/build/drone_object_recognition' returned '0': CMAKE_PREFIX_PATH=${CMAKE_PREFIX_PATH}:/opt/ros/jazzy DEBUGINFOD_URLS=https://debuginfod.ubuntu.com /usr/bin/cmake --install /home/aro/Documents/ObjectRec/ros2_ws/build/drone_object_recognition
[23.971s] Level 1:colcon.colcon_core.environment:checking '/home/aro/Documents/ObjectRec/ros2_ws/install/drone_object_recognition' for CMake module files
[23.972s] Level 1:colcon.colcon_core.environment:checking '/home/aro/Documents/ObjectRec/ros2_ws/install/drone_object_recognition' for CMake config files
[23.973s] Level 1:colcon.colcon_core.shell:create_environment_hook('drone_object_recognition', 'cmake_prefix_path')
[23.973s] INFO:colcon.colcon_core.shell:Creating environment hook '/home/aro/Documents/ObjectRec/ros2_ws/install/drone_object_recognition/share/drone_object_recognition/hook/cmake_prefix_path.ps1'
[23.975s] INFO:colcon.colcon_core.shell:Creating environment descriptor '/home/aro/Documents/ObjectRec/ros2_ws/install/drone_object_recognition/share/drone_object_recognition/hook/cmake_prefix_path.dsv'
[23.976s] INFO:colcon.colcon_core.shell:Creating environment hook '/home/aro/Documents/ObjectRec/ros2_ws/install/drone_object_recognition/share/drone_object_recognition/hook/cmake_prefix_path.sh'
[23.978s] Level 1:colcon.colcon_core.environment:checking '/home/aro/Documents/ObjectRec/ros2_ws/install/drone_object_recognition/lib'
[23.978s] Level 1:colcon.colcon_core.environment:checking '/home/aro/Documents/ObjectRec/ros2_ws/install/drone_object_recognition/bin'
[23.978s] Level 1:colcon.colcon_core.environment:checking '/home/aro/Documents/ObjectRec/ros2_ws/install/drone_object_recognition/lib/pkgconfig/drone_object_recognition.pc'
[23.979s] Level 1:colcon.colcon_core.environment:checking '/home/aro/Documents/ObjectRec/ros2_ws/install/drone_object_recognition/lib/python3.12/site-packages'
[23.979s] Level 1:colcon.colcon_core.environment:checking '/home/aro/Documents/ObjectRec/ros2_ws/install/drone_object_recognition/bin'
[23.980s] INFO:colcon.colcon_core.shell:Creating package script '/home/aro/Documents/ObjectRec/ros2_ws/install/drone_object_recognition/share/drone_object_recognition/package.ps1'
[23.981s] INFO:colcon.colcon_core.shell:Creating package descriptor '/home/aro/Documents/ObjectRec/ros2_ws/install/drone_object_recognition/share/drone_object_recognition/package.dsv'
[23.982s] INFO:colcon.colcon_core.shell:Creating package script '/home/aro/Documents/ObjectRec/ros2_ws/install/drone_object_recognition/share/drone_object_recognition/package.sh'
[23.984s] INFO:colcon.colcon_core.shell:Creating package script '/home/aro/Documents/ObjectRec/ros2_ws/install/drone_object_recognition/share/drone_object_recognition/package.bash'
[23.985s] INFO:colcon.colcon_core.shell:Creating package script '/home/aro/Documents/ObjectRec/ros2_ws/install/drone_object_recognition/share/drone_object_recognition/package.zsh'
[23.986s] Level 1:colcon.colcon_core.environment:create_file_with_runtime_dependencies(/home/aro/Documents/ObjectRec/ros2_ws/install/drone_object_recognition/share/colcon-core/packages/drone_object_recognition)
[23.987s] Level 1:colcon.colcon_core.environment:create_environment_scripts_only(drone_object_recognition)
[23.988s] Level 1:colcon.colcon_core.environment:checking '/home/aro/Documents/ObjectRec/ros2_ws/install/drone_object_recognition' for CMake module files
[23.989s] Level 1:colcon.colcon_core.environment:checking '/home/aro/Documents/ObjectRec/ros2_ws/install/drone_object_recognition' for CMake config files
[23.989s] Level 1:colcon.colcon_core.shell:create_environment_hook('drone_object_recognition', 'cmake_prefix_path')
[23.989s] INFO:colcon.colcon_core.shell:Creating environment hook '/home/aro/Documents/ObjectRec/ros2_ws/install/drone_object_recognition/share/drone_object_recognition/hook/cmake_prefix_path.ps1'
[23.990s] INFO:colcon.colcon_core.shell:Creating environment descriptor '/home/aro/Documents/ObjectRec/ros2_ws/install/drone_object_recognition/share/drone_object_recognition/hook/cmake_prefix_path.dsv'
[23.991s] INFO:colcon.colcon_core.shell:Creating environment hook '/home/aro/Documents/ObjectRec/ros2_ws/install/drone_object_recognition/share/drone_object_recognition/hook/cmake_prefix_path.sh'
[23.992s] Level 1:colcon.colcon_core.environment:checking '/home/aro/Documents/ObjectRec/ros2_ws/install/drone_object_recognition/lib'
[23.992s] Level 1:colcon.colcon_core.environment:checking '/home/aro/Documents/ObjectRec/ros2_ws/install/drone_object_recognition/bin'
[23.992s] Level 1:colcon.colcon_core.environment:checking '/home/aro/Documents/ObjectRec/ros2_ws/install/drone_object_recognition/lib/pkgconfig/drone_object_recognition.pc'
[23.993s] Level 1:colcon.colcon_core.environment:checking '/home/aro/Documents/ObjectRec/ros2_ws/install/drone_object_recognition/lib/python3.12/site-packages'
[23.993s] Level 1:colcon.colcon_core.environment:checking '/home/aro/Documents/ObjectRec/ros2_ws/install/drone_object_recognition/bin'
[23.994s] INFO:colcon.colcon_core.shell:Creating package script '/home/aro/Documents/ObjectRec/ros2_ws/install/drone_object_recognition/share/drone_object_recognition/package.ps1'
[23.995s] INFO:colcon.colcon_core.shell:Creating package descriptor '/home/aro/Documents/ObjectRec/ros2_ws/install/drone_object_recognition/share/drone_object_recognition/package.dsv'
[23.996s] INFO:colcon.colcon_core.shell:Creating package script '/home/aro/Documents/ObjectRec/ros2_ws/install/drone_object_recognition/share/drone_object_recognition/package.sh'
[23.997s] INFO:colcon.colcon_core.shell:Creating package script '/home/aro/Documents/ObjectRec/ros2_ws/install/drone_object_recognition/share/drone_object_recognition/package.bash'
[23.998s] INFO:colcon.colcon_core.shell:Creating package script '/home/aro/Documents/ObjectRec/ros2_ws/install/drone_object_recognition/share/drone_object_recognition/package.zsh'
[23.998s] Level 1:colcon.colcon_core.environment:create_file_with_runtime_dependencies(/home/aro/Documents/ObjectRec/ros2_ws/install/drone_object_recognition/share/colcon-core/packages/drone_object_recognition)
[23.999s] DEBUG:colcon.colcon_parallel_executor.executor.parallel:closing loop
[23.999s] DEBUG:colcon.colcon_parallel_executor.executor.parallel:loop closed
[23.999s] DEBUG:colcon.colcon_parallel_executor.executor.parallel:run_until_complete finished with '0'
[24.000s] DEBUG:colcon.colcon_core.event_reactor:joining thread
[24.024s] INFO:colcon.colcon_core.plugin_system:Skipping extension 'colcon_notification.desktop_notification.terminal_notifier': Not used on non-Darwin systems
[24.024s] INFO:colcon.colcon_core.plugin_system:Skipping extension 'colcon_notification.desktop_notification.win32': Not used on non-Windows systems
[24.024s] INFO:colcon.colcon_notification.desktop_notification:Sending desktop notification using 'notify2'
[24.063s] DEBUG:colcon.colcon_core.event_reactor:joined thread
[24.064s] INFO:colcon.colcon_core.shell:Creating prefix script '/home/aro/Documents/ObjectRec/ros2_ws/install/local_setup.ps1'
[24.066s] INFO:colcon.colcon_core.shell:Creating prefix util module '/home/aro/Documents/ObjectRec/ros2_ws/install/_local_setup_util_ps1.py'
[24.068s] INFO:colcon.colcon_core.shell:Creating prefix chain script '/home/aro/Documents/ObjectRec/ros2_ws/install/setup.ps1'
[24.070s] INFO:colcon.colcon_core.shell:Creating prefix script '/home/aro/Documents/ObjectRec/ros2_ws/install/local_setup.sh'
[24.071s] INFO:colcon.colcon_core.shell:Creating prefix util module '/home/aro/Documents/ObjectRec/ros2_ws/install/_local_setup_util_sh.py'
[24.073s] INFO:colcon.colcon_core.shell:Creating prefix chain script '/home/aro/Documents/ObjectRec/ros2_ws/install/setup.sh'
[24.075s] INFO:colcon.colcon_core.shell:Creating prefix script '/home/aro/Documents/ObjectRec/ros2_ws/install/local_setup.bash'
[24.075s] INFO:colcon.colcon_core.shell:Creating prefix chain script '/home/aro/Documents/ObjectRec/ros2_ws/install/setup.bash'
[24.077s] INFO:colcon.colcon_core.shell:Creating prefix script '/home/aro/Documents/ObjectRec/ros2_ws/install/local_setup.zsh'
[24.078s] INFO:colcon.colcon_core.shell:Creating prefix chain script '/home/aro/Documents/ObjectRec/ros2_ws/install/setup.zsh'
